Build started 2012-07-25 22:08:52.
     1>Project "C:\Users\tdrol\documents\visual studio 2010\Projects\analizator\analizator-bd-opencl\analizator-bd-opencl.vcxproj" on node 3 (build target(s)).
     1>InitializeBuildStatus:
         Creating "Debug\analizator-bd-opencl.unsuccessfulbuild" because "AlwaysCreate" was specified.
       ClCompile:
         All outputs are up-to-date.
         C:\Program Files (x86)\Microsoft Visual Studio 10.0\VC\bin\CL.exe /c /I"C:\Program Files (x86)\NVIDIA GPU Computing Toolkit\CUDA\v4.1\include" /ZI /nologo /W1 /WX- /Od /Oy- /D PRINT_TEST_DATA /D PRINT_DEVICE_INFO /D PRINT_PLATFORM_INFO /D TEST_CL_ENCRYPT /D _UNICODE /D UNICODE /Gm /EHsc /RTC1 /MTd /GS /fp:precise /Zc:wchar_t /Zc:forScope /Yc"StdAfx.h" /Fp"Debug\analizator-bd-opencl.pch" /FAs /Fa"Debug\\" /Fo"Debug\\" /Fd"Debug\vc100.pdb" /Gd /TP /analyze- /errorReport:prompt stdafx.cpp
         stdafx.cpp
         C:\Program Files (x86)\Microsoft Visual Studio 10.0\VC\bin\CL.exe /c /I"C:\Program Files (x86)\NVIDIA GPU Computing Toolkit\CUDA\v4.1\include" /ZI /nologo /W1 /WX- /Od /Oy- /D PRINT_TEST_DATA /D PRINT_DEVICE_INFO /D PRINT_PLATFORM_INFO /D TEST_CL_ENCRYPT /D _UNICODE /D UNICODE /Gm /EHsc /RTC1 /MTd /GS /fp:precise /Zc:wchar_t /Zc:forScope /FAs /Fa"Debug\\" /Fo"Debug\\" /Fd"Debug\vc100.pdb" /Gd /TP /analyze- /errorReport:prompt "analizator-bd-opencl.cpp" cl_encrypt.cpp cl_encrypt_test.cpp rijndael.cpp
         rijndael.cpp
         cl_encrypt_test.cpp
         cl_encrypt.cpp
         analizator-bd-opencl.cpp
         Generating Code...
       ManifestResourceCompile:
         All outputs are up-to-date.
       Link:
         C:\Program Files (x86)\Microsoft Visual Studio 10.0\VC\bin\link.exe /ERRORREPORT:PROMPT /OUT:"C:\Users\tdrol\documents\visual studio 2010\Projects\analizator\Debug\analizator-bd-opencl.exe" /INCREMENTAL /NOLOGO /LIBPATH:"C:\Program Files (x86)\NVIDIA GPU Computing Toolkit\CUDA\v4.1\lib\Win32" opencl.lib kernel32.lib user32.lib gdi32.lib winspool.lib comdlg32.lib advapi32.lib shell32.lib ole32.lib oleaut32.lib uuid.lib odbc32.lib odbccp32.lib /MANIFEST /ManifestFile:"Debug\analizator-bd-opencl.exe.intermediate.manifest" /MANIFESTUAC:"level='asInvoker' uiAccess='false'" /DEBUG /PDB:"C:\Users\tdrol\documents\visual studio 2010\Projects\analizator\Debug\analizator-bd-opencl.pdb" /SUBSYSTEM:CONSOLE /TLBID:1 /DYNAMICBASE /NXCOMPAT /IMPLIB:"C:\Users\tdrol\documents\visual studio 2010\Projects\analizator\Debug\analizator-bd-opencl.lib" /MACHINE:X86 "Debug\analizator-bd-opencl.exe.embed.manifest.res"
         "Debug\analizator-bd-opencl.obj"
         Debug\cl_encrypt.obj
         Debug\cl_encrypt_test.obj
         Debug\rijndael.obj
         Debug\stdafx.obj
       Manifest:
         C:\Program Files (x86)\Microsoft SDKs\Windows\v7.0A\bin\mt.exe /nologo /verbose /out:"Debug\analizator-bd-opencl.exe.embed.manifest" /manifest "Debug\analizator-bd-opencl.exe.intermediate.manifest"
         All outputs are up-to-date.
       LinkEmbedManifest:
         All outputs are up-to-date.
         analizator-bd-opencl.vcxproj -> C:\Users\tdrol\documents\visual studio 2010\Projects\analizator\Debug\analizator-bd-opencl.exe
       FinalizeBuildStatus:
         Deleting file "Debug\analizator-bd-opencl.unsuccessfulbuild".
         Touching "Debug\analizator-bd-opencl.lastbuildstate".
     1>Done Building Project "C:\Users\tdrol\documents\visual studio 2010\Projects\analizator\analizator-bd-opencl\analizator-bd-opencl.vcxproj" (build target(s)).

Build succeeded.

Time Elapsed 00:00:09.50
