Build started 2012-05-11 21:28:46.
     1>Project "C:\Users\tdrol\documents\visual studio 2010\Projects\analizator\analizator-bd-openssl\analizator-bd-openssl.vcxproj" on node 2 (build target(s)).
     1>InitializeBuildStatus:
         Creating "Release\analizator-bd-openssl.unsuccessfulbuild" because "AlwaysCreate" was specified.
       ClCompile:
         All outputs are up-to-date.
         C:\Program Files (x86)\Microsoft Visual Studio 10.0\VC\bin\CL.exe /c /IC:\Users\tdrol\lib\openssl\include /Zi /nologo /W3 /WX /Ox /Ob2 /Oi /Ot /Oy- /GL /D WIN32 /D NDEBUG /D _CONSOLE /D _UNICODE /D UNICODE /GF /Gm /EHsc /MT /GS /Gy /arch:SSE2 /fp:precise /Zc:wchar_t /Zc:forScope /Yu"StdAfx.h" /Fp"Release\analizator-bd-openssl.pch" /Fo"Release\\" /Fd"Release\vc100.pdb" /Gd /TP /analyze- /errorReport:prompt "analizator-bd-openssl.cpp"
         analizator-bd-openssl.cpp
       Link:
         C:\Program Files (x86)\Microsoft Visual Studio 10.0\VC\bin\link.exe /ERRORREPORT:PROMPT /OUT:"C:\Users\tdrol\documents\visual studio 2010\Projects\analizator\Release\analizator-bd-openssl.exe" /INCREMENTAL:NO /NOLOGO /LIBPATH:C:\Users\tdrol\lib\openssl\lib libeay32.lib ssleay32.lib kernel32.lib user32.lib gdi32.lib winspool.lib comdlg32.lib advapi32.lib shell32.lib ole32.lib oleaut32.lib uuid.lib odbc32.lib odbccp32.lib /MANIFEST /ManifestFile:"Release\analizator-bd-openssl.exe.intermediate.manifest" /MANIFESTUAC:"level='asInvoker' uiAccess='false'" /DEBUG /PDB:"C:\Users\tdrol\documents\visual studio 2010\Projects\analizator\Release\analizator-bd-openssl.pdb" /SUBSYSTEM:CONSOLE /OPT:REF /OPT:ICF /LTCG /TLBID:1 /DYNAMICBASE /NXCOMPAT /IMPLIB:"C:\Users\tdrol\documents\visual studio 2010\Projects\analizator\Release\analizator-bd-openssl.lib" /MACHINE:X86 "Release\analizator-bd-openssl.obj"
         Release\stdafx.obj
         Generating code
         Finished generating code
         analizator-bd-openssl.vcxproj -> C:\Users\tdrol\documents\visual studio 2010\Projects\analizator\Release\analizator-bd-openssl.exe
       Manifest:
         C:\Program Files (x86)\Microsoft SDKs\Windows\v7.0A\bin\mt.exe /nologo /verbose /outputresource:"C:\Users\tdrol\documents\visual studio 2010\Projects\analizator\Release\analizator-bd-openssl.exe;#1" /manifest "Release\analizator-bd-openssl.exe.intermediate.manifest"
       FinalizeBuildStatus:
         Deleting file "Release\analizator-bd-openssl.unsuccessfulbuild".
         Touching "Release\analizator-bd-openssl.lastbuildstate".
     1>Done Building Project "C:\Users\tdrol\documents\visual studio 2010\Projects\analizator\analizator-bd-openssl\analizator-bd-openssl.vcxproj" (build target(s)).

Build succeeded.

Time Elapsed 00:00:03.26
