C:\USERS\TDROL\DOCUMENTS\VISUAL STUDIO 2010\PROJECTS\ANALIZATOR\ANALIZATOR-BD-OPENCL\RELEASE\ANALIZATOR-BD-OPENCL.ASM
C:\Users\tdrol\documents\visual studio 2010\Projects\analizator\analizator-bd-opencl\Release\analizator-bd-opencl.exe.intermediate.manifest
C:\USERS\TDROL\DOCUMENTS\VISUAL STUDIO 2010\PROJECTS\ANALIZATOR\ANALIZATOR-BD-OPENCL\RELEASE\ANALIZATOR-BD-OPENCL.OBJ
C:\USERS\TDROL\DOCUMENTS\VISUAL STUDIO 2010\PROJECTS\ANALIZATOR\ANALIZATOR-BD-OPENCL\RELEASE\ANALIZATOR-BD-OPENCL.PCH
C:\Users\tdrol\documents\visual studio 2010\Projects\analizator\analizator-bd-opencl\Release\cl.command.1.tlog
C:\Users\tdrol\documents\visual studio 2010\Projects\analizator\analizator-bd-opencl\Release\CL.read.1.tlog
C:\Users\tdrol\documents\visual studio 2010\Projects\analizator\analizator-bd-opencl\Release\CL.write.1.tlog
C:\USERS\TDROL\DOCUMENTS\VISUAL STUDIO 2010\PROJECTS\ANALIZATOR\ANALIZATOR-BD-OPENCL\RELEASE\CL_ENCRYPT.ASM
C:\USERS\TDROL\DOCUMENTS\VISUAL STUDIO 2010\PROJECTS\ANALIZATOR\ANALIZATOR-BD-OPENCL\RELEASE\CL_ENCRYPT.OBJ
C:\USERS\TDROL\DOCUMENTS\VISUAL STUDIO 2010\PROJECTS\ANALIZATOR\ANALIZATOR-BD-OPENCL\RELEASE\CL_ENCRYPT_TEST.ASM
C:\USERS\TDROL\DOCUMENTS\VISUAL STUDIO 2010\PROJECTS\ANALIZATOR\ANALIZATOR-BD-OPENCL\RELEASE\CL_ENCRYPT_TEST.OBJ
C:\Users\tdrol\documents\visual studio 2010\Projects\analizator\analizator-bd-opencl\Release\link.command.1.tlog
C:\Users\tdrol\documents\visual studio 2010\Projects\analizator\analizator-bd-opencl\Release\link.read.1.tlog
C:\Users\tdrol\documents\visual studio 2010\Projects\analizator\analizator-bd-opencl\Release\link.write.1.tlog
C:\USERS\TDROL\DOCUMENTS\VISUAL STUDIO 2010\PROJECTS\ANALIZATOR\ANALIZATOR-BD-OPENCL\RELEASE\RIJNDAEL.ASM
C:\USERS\TDROL\DOCUMENTS\VISUAL STUDIO 2010\PROJECTS\ANALIZATOR\ANALIZATOR-BD-OPENCL\RELEASE\RIJNDAEL.OBJ
C:\USERS\TDROL\DOCUMENTS\VISUAL STUDIO 2010\PROJECTS\ANALIZATOR\ANALIZATOR-BD-OPENCL\RELEASE\STDAFX.ASM
C:\USERS\TDROL\DOCUMENTS\VISUAL STUDIO 2010\PROJECTS\ANALIZATOR\ANALIZATOR-BD-OPENCL\RELEASE\STDAFX.OBJ
C:\Users\tdrol\documents\visual studio 2010\Projects\analizator\analizator-bd-opencl\Release\vc100.idb
C:\USERS\TDROL\DOCUMENTS\VISUAL STUDIO 2010\PROJECTS\ANALIZATOR\ANALIZATOR-BD-OPENCL\RELEASE\VC100.PDB
C:\Users\tdrol\documents\visual studio 2010\Projects\analizator\Release\analizator-bd-opencl.pdb
