Build started 2012-05-05 20:45:25.
     1>Project "C:\Users\tdrol\documents\visual studio 2010\Projects\analizator\rijndael-aes\rijndael-aes.vcxproj" on node 2 (build target(s)).
     1>InitializeBuildStatus:
         Creating "Release\rijndael-aes.unsuccessfulbuild" because "AlwaysCreate" was specified.
       ClCompile:
         All outputs are up-to-date.
         C:\Program Files (x86)\Microsoft Visual Studio 10.0\VC\bin\CL.exe /c /Zi /nologo /W3 /WX- /O2 /Oi /Oy- /GL /D WIN32 /D NDEBUG /D _CONSOLE /D _UNICODE /D UNICODE /Gm- /EHsc /MD /GS /Gy /fp:precise /Zc:wchar_t /Zc:forScope /Yu"StdAfx.h" /Fp"Release\rijndael-aes.pch" /Fo"Release\\" /Fd"Release\vc100.pdb" /Gd /TP /analyze- /errorReport:prompt "rijndael-aes.cpp"
         rijndael-aes.cpp
       Link:
         C:\Program Files (x86)\Microsoft Visual Studio 10.0\VC\bin\link.exe /ERRORREPORT:PROMPT /OUT:"C:\Users\tdrol\documents\visual studio 2010\Projects\analizator\Release\rijndael-aes.exe" /INCREMENTAL:NO /NOLOGO kernel32.lib user32.lib gdi32.lib winspool.lib comdlg32.lib advapi32.lib shell32.lib ole32.lib oleaut32.lib uuid.lib odbc32.lib odbccp32.lib /MANIFEST /ManifestFile:"Release\rijndael-aes.exe.intermediate.manifest" /MANIFESTUAC:"level='asInvoker' uiAccess='false'" /DEBUG /PDB:"C:\Users\tdrol\documents\visual studio 2010\Projects\analizator\Release\rijndael-aes.pdb" /SUBSYSTEM:CONSOLE /OPT:REF /OPT:ICF /LTCG /TLBID:1 /DYNAMICBASE /NXCOMPAT /IMPLIB:"C:\Users\tdrol\documents\visual studio 2010\Projects\analizator\Release\rijndael-aes.lib" /MACHINE:X86 "Release\rijndael-aes.obj"
         Release\rijndael.obj
         Release\stdafx.obj
         Generating code
         Finished generating code
         rijndael-aes.vcxproj -> C:\Users\tdrol\documents\visual studio 2010\Projects\analizator\Release\rijndael-aes.exe
       Manifest:
         C:\Program Files (x86)\Microsoft SDKs\Windows\v7.0A\bin\mt.exe /nologo /verbose /outputresource:"C:\Users\tdrol\documents\visual studio 2010\Projects\analizator\Release\rijndael-aes.exe;#1" /manifest "Release\rijndael-aes.exe.intermediate.manifest"
       FinalizeBuildStatus:
         Deleting file "Release\rijndael-aes.unsuccessfulbuild".
         Touching "Release\rijndael-aes.lastbuildstate".
     1>Done Building Project "C:\Users\tdrol\documents\visual studio 2010\Projects\analizator\rijndael-aes\rijndael-aes.vcxproj" (build target(s)).

Build succeeded.

Time Elapsed 00:00:01.44
