Build started 2012-05-06 14:49:22.
     1>Project "C:\Users\tdrol\documents\visual studio 2010\Projects\analizator\analizator-bd-opencl\analizator-bd-opencl.vcxproj" on node 2 (rebuild target(s)).
     1>_PrepareForClean:
         Deleting file "Debug2\analizator-bd-opencl.lastbuildstate".
       InitializeBuildStatus:
         Touching "Debug2\analizator-bd-opencl.unsuccessfulbuild".
       ClCompile:
         C:\Program Files (x86)\Microsoft Visual Studio 10.0\VC\bin\CL.exe /c /I"C:\Program Files (x86)\NVIDIA GPU Computing Toolkit\CUDA\v4.1\include" /ZI /nologo /W3 /WX- /Od /Oy- /D WIN32 /D TEST_KEY_SCHEDULE /D _DEBUG /D _CONSOLE /D _UNICODE /D UNICODE /Gm /EHsc /RTC1 /MT /GS /fp:precise /Zc:wchar_t /Zc:forScope /Yc"StdAfx.h" /Fp"Debug2\analizator-bd-opencl.pch" /FAs /Fa"Debug2\\" /Fo"Debug2\\" /Fd"Debug2\vc100.pdb" /Gd /TP /analyze- /errorReport:prompt stdafx.cpp
         stdafx.cpp
         C:\Program Files (x86)\Microsoft Visual Studio 10.0\VC\bin\CL.exe /c /I"C:\Program Files (x86)\NVIDIA GPU Computing Toolkit\CUDA\v4.1\include" /ZI /nologo /W3 /WX- /Od /Oy- /D WIN32 /D TEST_KEY_SCHEDULE /D _DEBUG /D _CONSOLE /D _UNICODE /D UNICODE /Gm /EHsc /RTC1 /MT /GS /fp:precise /Zc:wchar_t /Zc:forScope /Yu"StdAfx.h" /Fp"Debug2\analizator-bd-opencl.pch" /FAs /Fa"Debug2\\" /Fo"Debug2\\" /Fd"Debug2\vc100.pdb" /Gd /TP /analyze- /errorReport:prompt "analizator-bd-opencl.cpp" cl_encrypt.cpp cl_encrypt_test.cpp key_schedule.cpp key_schedule_test.cpp
         key_schedule_test.cpp
         key_schedule.cpp
         cl_encrypt_test.cpp
         cl_encrypt.cpp
         analizator-bd-opencl.cpp
         Generating Code...
       Link:
         C:\Program Files (x86)\Microsoft Visual Studio 10.0\VC\bin\link.exe /ERRORREPORT:PROMPT /OUT:"C:\Users\tdrol\documents\visual studio 2010\Projects\analizator\Debug2\analizator-bd-opencl.exe" /INCREMENTAL:NO /NOLOGO /LIBPATH:"C:\Program Files (x86)\NVIDIA GPU Computing Toolkit\CUDA\v4.1\lib\Win32" opencl.lib kernel32.lib user32.lib gdi32.lib winspool.lib comdlg32.lib advapi32.lib shell32.lib ole32.lib oleaut32.lib uuid.lib odbc32.lib odbccp32.lib /MANIFEST /ManifestFile:"Debug2\analizator-bd-opencl.exe.intermediate.manifest" /MANIFESTUAC:"level='asInvoker' uiAccess='false'" /DEBUG /PDB:"C:\Users\tdrol\documents\visual studio 2010\Projects\analizator\Debug2\analizator-bd-opencl.pdb" /SUBSYSTEM:CONSOLE /OPT:REF /OPT:ICF /TLBID:1 /DYNAMICBASE /NXCOMPAT /IMPLIB:"C:\Users\tdrol\documents\visual studio 2010\Projects\analizator\Debug2\analizator-bd-opencl.lib" /MACHINE:X86 "Debug2\analizator-bd-opencl.obj"
         Debug2\cl_encrypt.obj
         Debug2\cl_encrypt_test.obj
         Debug2\key_schedule.obj
         Debug2\key_schedule_test.obj
         Debug2\stdafx.obj
     1>analizator-bd-opencl.obj : warning LNK4075: ignoring '/EDITANDCONTINUE' due to '/OPT:ICF' specification
     1>LINK : warning LNK4098: defaultlib 'LIBCMT' conflicts with use of other libs; use /NODEFAULTLIB:library
     1>cl_encrypt.obj : error LNK2019: unresolved external symbol __CrtDbgReportW referenced in function "public: char const & __thiscall std::_String_const_iterator<char,struct std::char_traits<char>,class std::allocator<char> >::operator*(void)const " (??D?$_String_const_iterator@DU?$char_traits@D@std@@V?$allocator@D@2@@std@@QBEABDXZ)
     1>libcpmtd.lib(stdthrow.obj) : error LNK2001: unresolved external symbol __CrtDbgReportW
     1>cl_encrypt.obj : error LNK2019: unresolved external symbol __free_dbg referenced in function "private: void __thiscall std::_Yarn<char>::_Tidy(void)" (?_Tidy@?$_Yarn@D@std@@AAEXXZ)
     1>libcpmtd.lib(xdebug.obj) : error LNK2001: unresolved external symbol __free_dbg
     1>libcpmtd.lib(locale0.obj) : error LNK2001: unresolved external symbol __free_dbg
     1>libcpmtd.lib(xdebug.obj) : error LNK2019: unresolved external symbol __malloc_dbg referenced in function "void * __cdecl operator new(unsigned int,struct std::_DebugHeapTag_t const &,char *,int)" (??2@YAPAXIABU_DebugHeapTag_t@std@@PADH@Z)
     1>libcpmtd.lib(locale0.obj) : error LNK2001: unresolved external symbol __malloc_dbg
     1>libcpmtd.lib(_tolower.obj) : error LNK2019: unresolved external symbol __calloc_dbg referenced in function __Getctype
     1>C:\Users\tdrol\documents\visual studio 2010\Projects\analizator\Debug2\analizator-bd-opencl.exe : fatal error LNK1120: 4 unresolved externals
     1>Done Building Project "C:\Users\tdrol\documents\visual studio 2010\Projects\analizator\analizator-bd-opencl\analizator-bd-opencl.vcxproj" (rebuild target(s)) -- FAILED.

Build FAILED.

Time Elapsed 00:00:02.10
