C:\USERS\TDROL\DOCUMENTS\VISUAL STUDIO 2010\PROJECTS\ANALIZATOR\ANALIZATOR-BD-OPENCL\DEBUG2\ANALIZATOR-BD-OPENCL.ASM
C:\Users\tdrol\documents\visual studio 2010\Projects\analizator\analizator-bd-opencl\Debug2\analizator-bd-opencl.exe.embed.manifest
C:\USERS\TDROL\DOCUMENTS\VISUAL STUDIO 2010\PROJECTS\ANALIZATOR\ANALIZATOR-BD-OPENCL\DEBUG2\ANALIZATOR-BD-OPENCL.EXE.EMBED.MANIFEST.RES
C:\Users\tdrol\documents\visual studio 2010\Projects\analizator\analizator-bd-opencl\Debug2\analizator-bd-opencl.exe.intermediate.manifest
C:\USERS\TDROL\DOCUMENTS\VISUAL STUDIO 2010\PROJECTS\ANALIZATOR\ANALIZATOR-BD-OPENCL\DEBUG2\ANALIZATOR-BD-OPENCL.OBJ
C:\USERS\TDROL\DOCUMENTS\VISUAL STUDIO 2010\PROJECTS\ANALIZATOR\ANALIZATOR-BD-OPENCL\DEBUG2\ANALIZATOR-BD-OPENCL.PCH
C:\Users\tdrol\documents\visual studio 2010\Projects\analizator\analizator-bd-opencl\Debug2\analizator-bd-opencl_manifest.rc
C:\Users\tdrol\documents\visual studio 2010\Projects\analizator\analizator-bd-opencl\Debug2\cl.command.1.tlog
C:\Users\tdrol\documents\visual studio 2010\Projects\analizator\analizator-bd-opencl\Debug2\CL.read.1.tlog
C:\Users\tdrol\documents\visual studio 2010\Projects\analizator\analizator-bd-opencl\Debug2\CL.write.1.tlog
C:\USERS\TDROL\DOCUMENTS\VISUAL STUDIO 2010\PROJECTS\ANALIZATOR\ANALIZATOR-BD-OPENCL\DEBUG2\CL_ENCRYPT.ASM
C:\USERS\TDROL\DOCUMENTS\VISUAL STUDIO 2010\PROJECTS\ANALIZATOR\ANALIZATOR-BD-OPENCL\DEBUG2\CL_ENCRYPT.OBJ
C:\USERS\TDROL\DOCUMENTS\VISUAL STUDIO 2010\PROJECTS\ANALIZATOR\ANALIZATOR-BD-OPENCL\DEBUG2\CL_ENCRYPT_TEST.ASM
C:\USERS\TDROL\DOCUMENTS\VISUAL STUDIO 2010\PROJECTS\ANALIZATOR\ANALIZATOR-BD-OPENCL\DEBUG2\CL_ENCRYPT_TEST.OBJ
C:\USERS\TDROL\DOCUMENTS\VISUAL STUDIO 2010\PROJECTS\ANALIZATOR\ANALIZATOR-BD-OPENCL\DEBUG2\KEY_SCHEDULE.ASM
C:\USERS\TDROL\DOCUMENTS\VISUAL STUDIO 2010\PROJECTS\ANALIZATOR\ANALIZATOR-BD-OPENCL\DEBUG2\KEY_SCHEDULE.OBJ
C:\USERS\TDROL\DOCUMENTS\VISUAL STUDIO 2010\PROJECTS\ANALIZATOR\ANALIZATOR-BD-OPENCL\DEBUG2\KEY_SCHEDULE_TEST.ASM
C:\USERS\TDROL\DOCUMENTS\VISUAL STUDIO 2010\PROJECTS\ANALIZATOR\ANALIZATOR-BD-OPENCL\DEBUG2\KEY_SCHEDULE_TEST.OBJ
C:\Users\tdrol\documents\visual studio 2010\Projects\analizator\analizator-bd-opencl\Debug2\link.command.1.tlog
C:\Users\tdrol\documents\visual studio 2010\Projects\analizator\analizator-bd-opencl\Debug2\link.read.1.tlog
C:\Users\tdrol\documents\visual studio 2010\Projects\analizator\analizator-bd-opencl\Debug2\link.write.1.tlog
C:\Users\tdrol\documents\visual studio 2010\Projects\analizator\analizator-bd-opencl\Debug2\rc.command.1.tlog
C:\Users\tdrol\documents\visual studio 2010\Projects\analizator\analizator-bd-opencl\Debug2\rc.read.1.tlog
C:\Users\tdrol\documents\visual studio 2010\Projects\analizator\analizator-bd-opencl\Debug2\rc.write.1.tlog
C:\USERS\TDROL\DOCUMENTS\VISUAL STUDIO 2010\PROJECTS\ANALIZATOR\ANALIZATOR-BD-OPENCL\DEBUG2\STDAFX.ASM
C:\USERS\TDROL\DOCUMENTS\VISUAL STUDIO 2010\PROJECTS\ANALIZATOR\ANALIZATOR-BD-OPENCL\DEBUG2\STDAFX.OBJ
C:\Users\tdrol\documents\visual studio 2010\Projects\analizator\analizator-bd-opencl\Debug2\vc100.idb
C:\USERS\TDROL\DOCUMENTS\VISUAL STUDIO 2010\PROJECTS\ANALIZATOR\ANALIZATOR-BD-OPENCL\DEBUG2\VC100.PDB
C:\Users\tdrol\documents\visual studio 2010\Projects\analizator\Debug2\analizator-bd-opencl.pdb
