Build started 2012-04-16 16:27:26.
     1>Project "C:\Users\tdrol\documents\visual studio 2010\Projects\analizator\analizator\analizator.vcxproj" on node 2 (build target(s)).
     1>InitializeBuildStatus:
         Creating "Debug\analizator.unsuccessfulbuild" because "AlwaysCreate" was specified.
       ClCompile:
         All outputs are up-to-date.
         C:\Program Files (x86)\Microsoft Visual Studio 10.0\VC\bin\CL.exe /c /IC:\Users\tdrol\lib\openssl\include /I"C:\Program Files (x86)\NVIDIA GPU Computing Toolkit\CUDA\v4.1\include" /ZI /nologo /W3 /WX- /Od /Oy- /D WIN32 /D _DEBUG /D _CONSOLE /D _UNICODE /D UNICODE /Gm /EHsc /RTC1 /MTd /GS /fp:precise /Zc:wchar_t /Zc:forScope /Yu"StdAfx.h" /Fp"Debug\analizator.pch" /Fo"Debug\\" /Fd"Debug\vc100.pdb" /Gd /TP /analyze- /errorReport:prompt analizator.cpp
         analizator.cpp
       ManifestResourceCompile:
         All outputs are up-to-date.
       Link:
         C:\Program Files (x86)\Microsoft Visual Studio 10.0\VC\bin\link.exe /ERRORREPORT:PROMPT /OUT:"C:\Users\tdrol\documents\visual studio 2010\Projects\analizator\Debug\analizator.exe" /INCREMENTAL /NOLOGO /LIBPATH:C:\Users\tdrol\lib\openssl\lib /LIBPATH:"C:\Program Files (x86)\NVIDIA GPU Computing Toolkit\CUDA\v4.1\lib\Win32" opencl.lib libeay32.lib ssleay32.lib /MANIFEST /ManifestFile:"Debug\analizator.exe.intermediate.manifest" /MANIFESTUAC:"level='asInvoker' uiAccess='false'" /DEBUG /PDB:"C:\Users\tdrol\documents\visual studio 2010\Projects\analizator\Debug\analizator.pdb" /SUBSYSTEM:CONSOLE /TLBID:1 /DYNAMICBASE /NXCOMPAT /IMPLIB:"C:\Users\tdrol\documents\visual studio 2010\Projects\analizator\Debug\analizator.lib" /MACHINE:X86 Debug\analizator.exe.embed.manifest.res
         Debug\analizator.obj
         Debug\stdafx.obj
       Manifest:
         C:\Program Files (x86)\Microsoft SDKs\Windows\v7.0A\bin\mt.exe /nologo /verbose /out:"Debug\analizator.exe.embed.manifest" /manifest Debug\analizator.exe.intermediate.manifest "C:\Program Files (x86)\Microsoft Visual Studio 10.0\VC\Include\Manifest\dpiaware.manifest"
         All outputs are up-to-date.
       LinkEmbedManifest:
         All outputs are up-to-date.
         analizator.vcxproj -> C:\Users\tdrol\documents\visual studio 2010\Projects\analizator\Debug\analizator.exe
       FinalizeBuildStatus:
         Deleting file "Debug\analizator.unsuccessfulbuild".
         Touching "Debug\analizator.lastbuildstate".
     1>Done Building Project "C:\Users\tdrol\documents\visual studio 2010\Projects\analizator\analizator\analizator.vcxproj" (build target(s)).

Build succeeded.

Time Elapsed 00:00:02.31
