C:\USERS\TDROL\DOCUMENTS\VISUAL STUDIO 2010\PROJECTS\ANALIZATOR\ANALIZATOR\DEBUG\ANALIZATOR.EXE.EMBED.MANIFEST
C:\USERS\TDROL\DOCUMENTS\VISUAL STUDIO 2010\PROJECTS\ANALIZATOR\ANALIZATOR\DEBUG\ANALIZATOR.EXE.EMBED.MANIFEST.RES
C:\USERS\TDROL\DOCUMENTS\VISUAL STUDIO 2010\PROJECTS\ANALIZATOR\ANALIZATOR\DEBUG\ANALIZATOR.EXE.INTERMEDIATE.MANIFEST
C:\USERS\TDROL\DOCUMENTS\VISUAL STUDIO 2010\PROJECTS\ANALIZATOR\ANALIZATOR\DEBUG\ANALIZATOR.OBJ
C:\USERS\TDROL\DOCUMENTS\VISUAL STUDIO 2010\PROJECTS\ANALIZATOR\ANALIZATOR\DEBUG\ANALIZATOR.PCH
C:\Users\tdrol\documents\visual studio 2010\Projects\analizator\analizator\Debug\analizator_manifest.rc
C:\Users\tdrol\documents\visual studio 2010\Projects\analizator\analizator\Debug\cl.command.1.tlog
C:\Users\tdrol\documents\visual studio 2010\Projects\analizator\analizator\Debug\CL.read.1.tlog
C:\Users\tdrol\documents\visual studio 2010\Projects\analizator\analizator\Debug\CL.write.1.tlog
C:\Users\tdrol\documents\visual studio 2010\Projects\analizator\analizator\Debug\link.1280.read.1.tlog
C:\Users\tdrol\documents\visual studio 2010\Projects\analizator\analizator\Debug\link.1280.write.1.tlog
C:\Users\tdrol\documents\visual studio 2010\Projects\analizator\analizator\Debug\link.1280-cvtres.read.1.tlog
C:\Users\tdrol\documents\visual studio 2010\Projects\analizator\analizator\Debug\link.1280-cvtres.write.1.tlog
C:\Users\tdrol\documents\visual studio 2010\Projects\analizator\analizator\Debug\link.1388.read.1.tlog
C:\Users\tdrol\documents\visual studio 2010\Projects\analizator\analizator\Debug\link.1388.write.1.tlog
C:\Users\tdrol\documents\visual studio 2010\Projects\analizator\analizator\Debug\link.1388-cvtres.read.1.tlog
C:\Users\tdrol\documents\visual studio 2010\Projects\analizator\analizator\Debug\link.1388-cvtres.write.1.tlog
C:\Users\tdrol\documents\visual studio 2010\Projects\analizator\analizator\Debug\link.1568.read.1.tlog
C:\Users\tdrol\documents\visual studio 2010\Projects\analizator\analizator\Debug\link.1568.write.1.tlog
C:\Users\tdrol\documents\visual studio 2010\Projects\analizator\analizator\Debug\link.1568-cvtres.read.1.tlog
C:\Users\tdrol\documents\visual studio 2010\Projects\analizator\analizator\Debug\link.1568-cvtres.write.1.tlog
C:\Users\tdrol\documents\visual studio 2010\Projects\analizator\analizator\Debug\link.3820.read.1.tlog
C:\Users\tdrol\documents\visual studio 2010\Projects\analizator\analizator\Debug\link.3820.write.1.tlog
C:\Users\tdrol\documents\visual studio 2010\Projects\analizator\analizator\Debug\link.3820-cvtres.read.1.tlog
C:\Users\tdrol\documents\visual studio 2010\Projects\analizator\analizator\Debug\link.3820-cvtres.write.1.tlog
C:\Users\tdrol\documents\visual studio 2010\Projects\analizator\analizator\Debug\link.4324.read.1.tlog
C:\Users\tdrol\documents\visual studio 2010\Projects\analizator\analizator\Debug\link.4324.write.1.tlog
C:\Users\tdrol\documents\visual studio 2010\Projects\analizator\analizator\Debug\link.4324-cvtres.read.1.tlog
C:\Users\tdrol\documents\visual studio 2010\Projects\analizator\analizator\Debug\link.4324-cvtres.write.1.tlog
C:\Users\tdrol\documents\visual studio 2010\Projects\analizator\analizator\Debug\link.480.read.1.tlog
C:\Users\tdrol\documents\visual studio 2010\Projects\analizator\analizator\Debug\link.480.write.1.tlog
C:\Users\tdrol\documents\visual studio 2010\Projects\analizator\analizator\Debug\link.480-cvtres.read.1.tlog
C:\Users\tdrol\documents\visual studio 2010\Projects\analizator\analizator\Debug\link.480-cvtres.write.1.tlog
C:\Users\tdrol\documents\visual studio 2010\Projects\analizator\analizator\Debug\link.5224.read.1.tlog
C:\Users\tdrol\documents\visual studio 2010\Projects\analizator\analizator\Debug\link.5224.write.1.tlog
C:\Users\tdrol\documents\visual studio 2010\Projects\analizator\analizator\Debug\link.5224-cvtres.read.1.tlog
C:\Users\tdrol\documents\visual studio 2010\Projects\analizator\analizator\Debug\link.5224-cvtres.write.1.tlog
C:\Users\tdrol\documents\visual studio 2010\Projects\analizator\analizator\Debug\link.5396.read.1.tlog
C:\Users\tdrol\documents\visual studio 2010\Projects\analizator\analizator\Debug\link.5396.write.1.tlog
C:\Users\tdrol\documents\visual studio 2010\Projects\analizator\analizator\Debug\link.5396-cvtres.read.1.tlog
C:\Users\tdrol\documents\visual studio 2010\Projects\analizator\analizator\Debug\link.5396-cvtres.write.1.tlog
C:\Users\tdrol\documents\visual studio 2010\Projects\analizator\analizator\Debug\link.5632.read.1.tlog
C:\Users\tdrol\documents\visual studio 2010\Projects\analizator\analizator\Debug\link.5632.write.1.tlog
C:\Users\tdrol\documents\visual studio 2010\Projects\analizator\analizator\Debug\link.5632-cvtres.read.1.tlog
C:\Users\tdrol\documents\visual studio 2010\Projects\analizator\analizator\Debug\link.5632-cvtres.write.1.tlog
C:\Users\tdrol\documents\visual studio 2010\Projects\analizator\analizator\Debug\link.5804.read.1.tlog
C:\Users\tdrol\documents\visual studio 2010\Projects\analizator\analizator\Debug\link.5804.write.1.tlog
C:\Users\tdrol\documents\visual studio 2010\Projects\analizator\analizator\Debug\link.5804-cvtres.read.1.tlog
C:\Users\tdrol\documents\visual studio 2010\Projects\analizator\analizator\Debug\link.5804-cvtres.write.1.tlog
C:\Users\tdrol\documents\visual studio 2010\Projects\analizator\analizator\Debug\link.5884.read.1.tlog
C:\Users\tdrol\documents\visual studio 2010\Projects\analizator\analizator\Debug\link.5884.write.1.tlog
C:\Users\tdrol\documents\visual studio 2010\Projects\analizator\analizator\Debug\link.5884-cvtres.read.1.tlog
C:\Users\tdrol\documents\visual studio 2010\Projects\analizator\analizator\Debug\link.5884-cvtres.write.1.tlog
C:\Users\tdrol\documents\visual studio 2010\Projects\analizator\analizator\Debug\link.6000.read.1.tlog
C:\Users\tdrol\documents\visual studio 2010\Projects\analizator\analizator\Debug\link.6000.write.1.tlog
C:\Users\tdrol\documents\visual studio 2010\Projects\analizator\analizator\Debug\link.6000-cvtres.read.1.tlog
C:\Users\tdrol\documents\visual studio 2010\Projects\analizator\analizator\Debug\link.6000-cvtres.write.1.tlog
C:\Users\tdrol\documents\visual studio 2010\Projects\analizator\analizator\Debug\link.command.1.tlog
C:\Users\tdrol\documents\visual studio 2010\Projects\analizator\analizator\Debug\link.read.1.tlog
C:\Users\tdrol\documents\visual studio 2010\Projects\analizator\analizator\Debug\link.write.1.tlog
C:\Users\tdrol\documents\visual studio 2010\Projects\analizator\analizator\Debug\link-cvtres.read.1.tlog
C:\Users\tdrol\documents\visual studio 2010\Projects\analizator\analizator\Debug\link-cvtres.write.1.tlog
C:\Users\tdrol\documents\visual studio 2010\Projects\analizator\analizator\Debug\mt.command.1.tlog
C:\Users\tdrol\documents\visual studio 2010\Projects\analizator\analizator\Debug\mt.read.1.tlog
C:\Users\tdrol\documents\visual studio 2010\Projects\analizator\analizator\Debug\mt.write.1.tlog
C:\Users\tdrol\documents\visual studio 2010\Projects\analizator\analizator\Debug\rc.command.1.tlog
C:\Users\tdrol\documents\visual studio 2010\Projects\analizator\analizator\Debug\rc.read.1.tlog
C:\Users\tdrol\documents\visual studio 2010\Projects\analizator\analizator\Debug\rc.write.1.tlog
C:\USERS\TDROL\DOCUMENTS\VISUAL STUDIO 2010\PROJECTS\ANALIZATOR\ANALIZATOR\DEBUG\STDAFX.OBJ
C:\Users\tdrol\documents\visual studio 2010\Projects\analizator\analizator\Debug\vc100.idb
C:\USERS\TDROL\DOCUMENTS\VISUAL STUDIO 2010\PROJECTS\ANALIZATOR\ANALIZATOR\DEBUG\VC100.PDB
C:\USERS\TDROL\DOCUMENTS\VISUAL STUDIO 2010\PROJECTS\ANALIZATOR\DEBUG\ANALIZATOR.EXE
C:\USERS\TDROL\DOCUMENTS\VISUAL STUDIO 2010\PROJECTS\ANALIZATOR\DEBUG\ANALIZATOR.ILK
C:\USERS\TDROL\DOCUMENTS\VISUAL STUDIO 2010\PROJECTS\ANALIZATOR\DEBUG\ANALIZATOR.PDB
